TN:
SF:src\app.controller.ts
FN:6,(anonymous_2)
FN:9,(anonymous_3)
FN:14,(anonymous_4)
FNF:3
FNH:0
FNDA:0,(anonymous_2)
FNDA:0,(anonymous_3)
FNDA:0,(anonymous_4)
DA:1,0
DA:2,0
DA:5,0
DA:6,0
DA:9,0
DA:10,0
DA:14,0
DA:15,0
LF:8
LH:0
BRDA:6,0,0,0
BRDA:6,0,1,0
BRDA:6,1,0,0
BRDA:6,1,1,0
BRF:4
BRH:0
end_of_record
TN:
SF:src\app.service.ts
FN:5,(anonymous_1)
FN:9,(anonymous_2)
FNF:2
FNH:0
FNDA:0,(anonymous_1)
FNDA:0,(anonymous_2)
DA:1,0
DA:4,0
DA:6,0
DA:10,0
LF:4
LH:0
BRF:0
BRH:0
end_of_record
TN:
SF:src\common\dto\common.dto.ts
FNF:0
FNH:0
DA:1,0
DA:7,0
DA:9,0
DA:15,0
DA:18,0
DA:25,0
DA:32,0
DA:39,0
DA:46,0
DA:48,0
DA:54,0
LF:11
LH:0
BRF:0
BRH:0
end_of_record
TN:
SF:src\common\filters\http-exception.filter.ts
FN:21,(anonymous_1)
FN:74,(anonymous_2)
FNF:2
FNH:0
FNDA:0,(anonymous_1)
FNDA:0,(anonymous_2)
DA:1,0
DA:10,0
DA:18,0
DA:19,0
DA:22,0
DA:23,0
DA:24,0
DA:25,0
DA:28,0
DA:31,0
DA:33,0
DA:37,0
DA:48,0
DA:49,0
DA:53,0
DA:54,0
DA:61,0
DA:71,0
DA:72,0
DA:75,0
DA:76,0
DA:77,0
DA:79,0
DA:81,0
DA:82,0
DA:84,0
DA:85,0
DA:86,0
DA:87,0
DA:91,0
DA:92,0
DA:95,0
DA:106,0
DA:111,0
LF:34
LH:0
BRDA:28,0,0,0
BRDA:28,0,1,0
BRDA:33,1,0,0
BRDA:33,1,1,0
BRDA:33,2,0,0
BRDA:33,2,1,0
BRDA:39,3,0,0
BRDA:39,3,1,0
BRDA:40,4,0,0
BRDA:40,4,1,0
BRDA:48,5,0,0
BRDA:48,5,1,0
BRDA:53,6,0,0
BRDA:53,6,1,0
BRDA:79,7,0,0
BRDA:79,7,1,0
BRDA:84,8,0,0
BRDA:84,8,1,0
BRDA:88,9,0,0
BRDA:88,9,1,0
BRDA:88,10,0,0
BRDA:88,10,1,0
BRDA:91,11,0,0
BRDA:91,11,1,0
BRDA:97,12,0,0
BRDA:97,12,1,0
BRDA:98,13,0,0
BRDA:98,13,1,0
BRDA:108,14,0,0
BRDA:108,14,1,0
BRF:30
BRH:0
end_of_record
TN:
SF:src\common\interceptors\transform.interceptor.ts
FN:21,(anonymous_1)
FN:26,(anonymous_2)
FNF:2
FNH:0
FNDA:0,(anonymous_1)
FNDA:0,(anonymous_2)
DA:1,0
DA:8,0
DA:18,0
DA:25,0
DA:26,0
LF:5
LH:0
BRF:0
BRH:0
end_of_record
TN:
SF:src\common\middleware\logger.middleware.ts
FN:6,(anonymous_1)
FN:10,(anonymous_2)
FNF:2
FNH:0
FNDA:0,(anonymous_1)
FNDA:0,(anonymous_2)
DA:1,0
DA:5,0
DA:7,0
DA:8,0
DA:10,0
DA:11,0
DA:12,0
DA:13,0
DA:16,0
LF:9
LH:0
BRF:0
BRH:0
end_of_record
TN:
SF:src\common\pipes\validation.pipe.ts
FN:21,(anonymous_1)
FN:56,(anonymous_2)
FN:65,(anonymous_3)
FN:68,(anonymous_4)
FN:78,(anonymous_5)
FN:85,(anonymous_6)
FN:89,(anonymous_7)
FNF:7
FNH:0
FNDA:0,(anonymous_1)
FNDA:0,(anonymous_2)
FNDA:0,(anonymous_3)
FNDA:0,(anonymous_4)
FNDA:0,(anonymous_5)
FNDA:0,(anonymous_6)
FNDA:0,(anonymous_7)
DA:1,0
DA:8,0
DA:9,0
DA:20,0
DA:23,0
DA:24,0
DA:28,0
DA:31,0
DA:38,0
DA:40,0
DA:41,0
DA:49,0
DA:57,0
DA:58,0
DA:66,0
DA:68,0
DA:72,0
DA:77,0
DA:78,0
DA:79,0
DA:84,0
DA:85,0
DA:89,0
DA:90,0
LF:24
LH:0
BRDA:23,0,0,0
BRDA:23,0,1,0
BRDA:23,1,0,0
BRDA:23,1,1,0
BRDA:38,2,0,0
BRDA:38,2,1,0
BRDA:70,3,0,0
BRDA:72,4,0,0
BRDA:72,4,1,0
BRDA:77,5,0,0
BRDA:77,5,1,0
BRDA:84,6,0,0
BRDA:84,6,1,0
BRDA:84,7,0,0
BRDA:84,7,1,0
BRF:15
BRH:0
end_of_record
TN:
SF:src\common\utils\redis.helper.ts
FN:11,(anonymous_0)
FN:24,(anonymous_1)
FN:66,(anonymous_2)
FN:73,(anonymous_3)
FN:97,(anonymous_4)
FN:128,(anonymous_5)
FN:143,(anonymous_6)
FN:151,(anonymous_7)
FNF:8
FNH:0
FNDA:0,(anonymous_0)
FNDA:0,(anonymous_1)
FNDA:0,(anonymous_2)
FNDA:0,(anonymous_3)
FNDA:0,(anonymous_4)
FNDA:0,(anonymous_5)
FNDA:0,(anonymous_6)
FNDA:0,(anonymous_7)
DA:2,0
DA:8,0
DA:9,0
DA:11,0
DA:25,0
DA:26,0
DA:27,0
DA:29,0
DA:31,0
DA:33,0
DA:41,0
DA:43,0
DA:45,0
DA:46,0
DA:47,0
DA:51,0
DA:52,0
DA:67,0
DA:69,0
DA:72,0
DA:74,0
DA:75,0
DA:79,0
DA:101,0
DA:103,0
DA:106,0
DA:108,0
DA:109,0
DA:112,0
DA:113,0
DA:114,0
DA:116,0
DA:118,0
DA:119,0
DA:121,0
DA:129,0
DA:130,0
DA:131,0
DA:133,0
DA:134,0
DA:144,0
DA:152,0
DA:153,0
DA:154,0
LF:44
LH:0
BRDA:43,0,0,0
BRDA:43,0,1,0
BRDA:154,1,0,0
BRDA:154,1,1,0
BRDA:154,2,0,0
BRDA:154,2,1,0
BRF:6
BRH:0
end_of_record
TN:
SF:src\config\configuration.ts
FN:16,(anonymous_0)
FNF:1
FNH:0
FNDA:0,(anonymous_0)
DA:16,0
LF:1
LH:0
BRDA:17,0,0,0
BRDA:17,0,1,0
BRDA:19,1,0,0
BRDA:19,1,1,0
BRDA:20,2,0,0
BRDA:20,2,1,0
BRDA:21,3,0,0
BRDA:21,3,1,0
BRDA:22,4,0,0
BRDA:22,4,1,0
BRDA:23,5,0,0
BRDA:23,5,1,0
BRDA:26,6,0,0
BRDA:26,6,1,0
BRDA:27,7,0,0
BRDA:27,7,1,0
BRF:16
BRH:0
end_of_record
TN:
SF:src\modules\plants\plants.controller.ts
FN:28,(anonymous_4)
FN:79,(anonymous_5)
FN:112,(anonymous_6)
FNF:3
FNH:0
FNDA:0,(anonymous_4)
FNDA:0,(anonymous_5)
FNDA:0,(anonymous_6)
DA:1,0
DA:2,0
DA:9,0
DA:10,0
DA:25,0
DA:26,0
DA:28,0
DA:79,0
DA:80,0
DA:81,0
DA:112,0
DA:113,0
DA:114,0
LF:13
LH:0
BRDA:79,0,0,0
BRDA:79,0,1,0
BRDA:79,1,0,0
BRDA:79,1,1,0
BRDA:28,2,0,0
BRDA:28,2,1,0
BRDA:28,3,0,0
BRDA:28,3,1,0
BRF:8
BRH:0
end_of_record
TN:
SF:src\modules\plants\plants.service.ts
FN:16,(anonymous_2)
FN:27,(anonymous_3)
FN:50,(anonymous_4)
FN:72,(anonymous_5)
FNF:4
FNH:4
FNDA:15,(anonymous_2)
FNDA:12,(anonymous_3)
FNDA:107,(anonymous_4)
FNDA:5,(anonymous_5)
DA:1,1
DA:2,1
DA:4,1
DA:13,1
DA:14,15
DA:17,15
DA:18,15
DA:28,12
DA:30,12
DA:31,12
DA:38,12
DA:41,12
DA:42,12
DA:44,12
DA:46,9
DA:50,107
DA:61,3
DA:62,3
DA:73,5
DA:75,5
DA:76,5
DA:78,5
DA:80,2
DA:81,0
DA:84,2
DA:88,2
DA:90,3
DA:91,3
LF:28
LH:27
BRDA:32,0,0,12
BRDA:32,0,1,0
BRDA:33,1,0,12
BRDA:33,1,1,8
BRDA:34,2,0,12
BRDA:34,2,1,9
BRDA:39,3,0,12
BRDA:39,3,1,0
BRDA:41,4,0,4
BRDA:41,4,1,8
BRDA:42,5,0,3
BRDA:42,5,1,9
BRDA:80,6,0,0
BRDA:80,6,1,2
BRDA:17,7,0,1
BRDA:17,7,1,0
BRDA:17,8,0,1
BRDA:17,8,1,1
BRDA:17,9,0,1
BRDA:17,9,1,0
BRDA:17,10,0,1
BRDA:17,10,1,1
BRF:22
BRH:17
end_of_record
TN:
SF:src\modules\plants\dto\plants.dto.ts
FN:28,(anonymous_2)
FN:59,(anonymous_3)
FN:77,(anonymous_4)
FN:95,(anonymous_5)
FN:205,(anonymous_6)
FN:206,(anonymous_7)
FNF:6
FNH:0
FNDA:0,(anonymous_2)
FNDA:0,(anonymous_3)
FNDA:0,(anonymous_4)
FNDA:0,(anonymous_5)
FNDA:0,(anonymous_6)
FNDA:0,(anonymous_7)
DA:1,0
DA:11,0
DA:12,0
DA:18,0
DA:28,0
DA:33,0
DA:49,0
DA:59,0
DA:63,0
DA:69,0
DA:77,0
DA:81,0
DA:87,0
DA:95,0
DA:99,0
DA:105,0
DA:119,0
DA:125,0
DA:127,0
DA:130,0
DA:133,0
DA:139,0
DA:146,0
DA:152,0
DA:158,0
DA:165,0
DA:171,0
DA:173,0
DA:176,0
DA:179,0
DA:182,0
DA:188,0
DA:194,0
DA:200,0
DA:204,0
DA:205,0
DA:206,0
LF:37
LH:0
BRF:0
BRH:0
end_of_record
TN:
SF:src\modules\plants\repositories\plant.repository.ts
FN:59,(anonymous_2)
FN:81,(anonymous_3)
FN:142,(anonymous_4)
FN:162,(anonymous_5)
FN:169,(anonymous_6)
FN:214,(anonymous_7)
FN:252,(anonymous_8)
FN:272,(anonymous_9)
FN:277,(anonymous_10)
FN:308,(anonymous_11)
FN:385,(anonymous_12)
FNF:11
FNH:11
FNDA:1,(anonymous_2)
FNDA:13,(anonymous_3)
FNDA:30,(anonymous_4)
FNDA:33,(anonymous_5)
FNDA:30,(anonymous_6)
FNDA:6,(anonymous_7)
FNDA:15,(anonymous_8)
FNDA:15,(anonymous_9)
FNDA:15,(anonymous_10)
FNDA:4,(anonymous_11)
FNDA:3,(anonymous_12)
DA:1,3
DA:2,3
DA:56,3
DA:57,1
DA:59,1
DA:84,13
DA:85,13
DA:87,13
DA:95,13
DA:96,5
DA:101,5
DA:102,1
DA:105,4
DA:106,4
DA:111,12
DA:112,12
DA:113,12
DA:115,12
DA:134,12
DA:135,1
DA:136,1
DA:141,11
DA:142,11
DA:143,30
DA:144,30
DA:145,19
DA:153,11
DA:161,11
DA:162,11
DA:163,33
DA:164,33
DA:168,11
DA:170,30
DA:171,30
DA:172,30
DA:173,30
DA:175,30
DA:188,11
DA:189,11
DA:195,11
DA:217,6
DA:218,6
DA:220,6
DA:224,6
DA:245,6
DA:246,1
DA:247,1
DA:251,5
DA:252,15
DA:256,5
DA:261,5
DA:271,5
DA:272,5
DA:273,15
DA:277,5
DA:278,15
DA:280,15
DA:282,15
DA:293,5
DA:294,5
DA:298,5
DA:309,4
DA:312,4
DA:316,4
DA:317,1
DA:321,3
DA:329,3
DA:330,1
DA:335,2
DA:338,2
DA:345,2
DA:353,2
DA:357,2
DA:360,2
DA:369,2
DA:370,2
DA:372,2
DA:386,3
DA:396,3
DA:397,1
DA:400,2
LF:81
LH:81
BRDA:88,0,0,5
BRDA:88,0,1,8
BRDA:89,1,0,6
BRDA:89,1,1,7
BRDA:95,2,0,5
BRDA:95,2,1,8
BRDA:101,3,0,1
BRDA:101,3,1,4
BRDA:112,4,0,6
BRDA:112,4,1,6
BRDA:113,5,0,4
BRDA:113,5,1,8
BRDA:134,6,0,1
BRDA:134,6,1,11
BRDA:144,7,0,19
BRDA:144,7,1,11
BRDA:171,8,0,30
BRDA:171,8,1,0
BRDA:173,9,0,30
BRDA:173,9,1,0
BRDA:245,10,0,1
BRDA:245,10,1,5
BRDA:280,11,0,15
BRDA:280,11,1,0
BRDA:289,12,0,15
BRDA:289,12,1,0
BRDA:316,13,0,1
BRDA:316,13,1,3
BRDA:329,14,0,1
BRDA:329,14,1,2
BRDA:329,15,0,3
BRDA:329,15,1,2
BRDA:353,16,0,2
BRDA:353,16,1,0
BRDA:357,17,0,2
BRDA:357,17,1,0
BRDA:396,18,0,1
BRDA:396,18,1,2
BRDA:59,19,0,3
BRDA:59,19,1,0
BRDA:59,20,0,3
BRDA:59,20,1,3
BRF:42
BRH:35
end_of_record
TN:
SF:src\modules\states\states.controller.ts
FN:31,(anonymous_4)
FN:63,(anonymous_5)
FN:117,(anonymous_6)
FNF:3
FNH:0
FNDA:0,(anonymous_4)
FNDA:0,(anonymous_5)
FNDA:0,(anonymous_6)
DA:1,0
DA:2,0
DA:9,0
DA:10,0
DA:28,0
DA:29,0
DA:31,0
DA:63,0
DA:64,0
DA:65,0
DA:117,0
DA:121,0
DA:126,0
LF:13
LH:0
BRDA:64,0,0,0
BRDA:64,0,1,0
BRDA:122,1,0,0
BRDA:122,1,1,0
BRDA:123,2,0,0
BRDA:123,2,1,0
BRDA:63,3,0,0
BRDA:63,3,1,0
BRDA:63,4,0,0
BRDA:63,4,1,0
BRDA:119,5,0,0
BRDA:119,5,1,0
BRDA:119,6,0,0
BRDA:119,6,1,0
BRDA:31,7,0,0
BRDA:31,7,1,0
BRDA:31,8,0,0
BRDA:31,8,1,0
BRF:18
BRH:0
end_of_record
TN:
SF:src\modules\states\states.service.ts
FN:22,(anonymous_2)
FN:34,(anonymous_3)
FN:50,(anonymous_4)
FN:73,(anonymous_5)
FN:113,(anonymous_6)
FNF:5
FNH:5
FNDA:16,(anonymous_2)
FNDA:10,(anonymous_3)
FNDA:59,(anonymous_4)
FNDA:7,(anonymous_5)
FNDA:4,(anonymous_6)
DA:1,1
DA:2,1
DA:9,1
DA:10,1
DA:19,1
DA:20,16
DA:23,16
DA:24,16
DA:25,16
DA:37,10
DA:38,10
DA:40,10
DA:41,10
DA:44,10
DA:46,9
DA:50,59
DA:61,1
DA:62,1
DA:77,7
DA:78,7
DA:79,7
DA:81,7
DA:82,7
DA:87,7
DA:92,5
DA:93,0
DA:97,5
DA:103,5
DA:107,5
DA:113,4
DA:124,2
DA:125,2
LF:32
LH:31
BRDA:38,0,0,10
BRDA:38,0,1,0
BRDA:78,1,0,7
BRDA:78,1,1,0
BRDA:79,2,0,7
BRDA:79,2,1,0
BRDA:92,3,0,0
BRDA:92,3,1,5
BRDA:23,4,0,1
BRDA:23,4,1,0
BRDA:23,5,0,1
BRDA:23,5,1,1
BRDA:23,6,0,1
BRDA:23,6,1,0
BRDA:23,7,0,1
BRDA:23,7,1,1
BRDA:24,8,0,1
BRDA:24,8,1,0
BRDA:24,9,0,1
BRDA:24,9,1,1
BRF:20
BRH:13
end_of_record
TN:
SF:src\modules\states\dto\states.dto.ts
FN:27,(anonymous_2)
FN:47,(anonymous_3)
FN:62,(anonymous_4)
FN:183,(anonymous_5)
FNF:4
FNH:0
FNDA:0,(anonymous_2)
FNDA:0,(anonymous_3)
FNDA:0,(anonymous_4)
FNDA:0,(anonymous_5)
DA:1,0
DA:10,0
DA:11,0
DA:17,0
DA:27,0
DA:31,0
DA:37,0
DA:47,0
DA:51,0
DA:62,0
DA:66,0
DA:72,0
DA:86,0
DA:92,0
DA:94,0
DA:97,0
DA:100,0
DA:103,0
DA:109,0
DA:115,0
DA:121,0
DA:128,0
DA:134,0
DA:139,0
DA:146,0
DA:152,0
DA:158,0
DA:164,0
DA:171,0
DA:183,0
DA:188,0
DA:194,0
DA:200,0
LF:33
LH:0
BRDA:171,0,0,0
BRDA:171,0,1,0
BRDA:171,1,0,0
BRDA:171,1,1,0
BRF:4
BRH:0
end_of_record
TN:
SF:src\modules\states\repositories\state.repository.ts
FN:15,(anonymous_4)
FN:24,(anonymous_5)
FN:66,(anonymous_6)
FN:108,(anonymous_7)
FN:155,(anonymous_8)
FN:228,(anonymous_9)
FN:277,(anonymous_10)
FNF:7
FNH:0
FNDA:0,(anonymous_4)
FNDA:0,(anonymous_5)
FNDA:0,(anonymous_6)
FNDA:0,(anonymous_7)
FNDA:0,(anonymous_8)
FNDA:0,(anonymous_9)
FNDA:0,(anonymous_10)
DA:1,1
DA:2,1
DA:3,1
DA:4,1
DA:11,1
DA:12,0
DA:13,0
DA:16,0
DA:17,0
DA:25,0
DA:27,0
DA:29,0
DA:30,0
DA:31,0
DA:32,0
DA:35,0
DA:39,0
DA:51,0
DA:52,0
DA:53,0
DA:55,0
DA:58,0
DA:67,0
DA:69,0
DA:70,0
DA:71,0
DA:72,0
DA:73,0
DA:76,0
DA:79,0
DA:90,0
DA:91,0
DA:92,0
DA:93,0
DA:95,0
DA:99,0
DA:109,0
DA:113,0
DA:114,0
DA:115,0
DA:116,0
DA:117,0
DA:120,0
DA:124,0
DA:138,0
DA:139,0
DA:140,0
DA:142,0
DA:145,0
DA:160,0
DA:164,0
DA:165,0
DA:166,0
DA:167,0
DA:168,0
DA:171,0
DA:174,0
DA:180,0
DA:181,0
DA:188,0
DA:213,0
DA:214,0
DA:215,0
DA:217,0
DA:220,0
DA:229,0
DA:231,0
DA:232,0
DA:233,0
DA:234,0
DA:235,0
DA:238,0
DA:241,0
DA:262,0
DA:263,0
DA:264,0
DA:266,0
DA:269,0
DA:278,0
DA:280,0
DA:281,0
DA:282,0
DA:283,0
DA:284,0
DA:287,0
DA:290,0
DA:301,0
DA:302,0
DA:306,0
DA:312,0
DA:318,0
DA:319,0
DA:324,0
DA:326,0
DA:329,0
LF:95
LH:5
BRDA:30,0,0,0
BRDA:30,0,1,0
BRDA:71,1,0,0
BRDA:71,1,1,0
BRDA:90,2,0,0
BRDA:90,2,1,0
BRDA:109,3,0,0
BRDA:109,3,1,0
BRDA:115,4,0,0
BRDA:115,4,1,0
BRDA:131,5,0,0
BRDA:131,5,1,0
BRDA:157,6,0,0
BRDA:160,7,0,0
BRDA:160,7,1,0
BRDA:166,8,0,0
BRDA:166,8,1,0
BRDA:180,9,0,0
BRDA:180,9,1,0
BRDA:192,10,0,0
BRDA:192,10,1,0
BRDA:233,11,0,0
BRDA:233,11,1,0
BRDA:282,12,0,0
BRDA:282,12,1,0
BRDA:301,13,0,0
BRDA:301,13,1,0
BRDA:315,14,0,0
BRDA:315,14,1,0
BRDA:16,15,0,1
BRDA:16,15,1,0
BRDA:16,16,0,1
BRDA:16,16,1,1
BRDA:16,17,0,1
BRDA:16,17,1,0
BRDA:16,18,0,1
BRDA:16,18,1,1
BRF:37
BRH:6
end_of_record
TN:
SF:src\modules\states\services\cache-warming.service.ts
FN:15,(anonymous_2)
FN:26,(anonymous_3)
FN:48,(anonymous_4)
FN:84,(anonymous_5)
FN:121,(anonymous_6)
FN:126,(anonymous_7)
FN:150,(anonymous_8)
FN:175,(anonymous_9)
FN:189,(anonymous_10)
FN:206,(anonymous_11)
FNF:10
FNH:0
FNDA:0,(anonymous_2)
FNDA:0,(anonymous_3)
FNDA:0,(anonymous_4)
FNDA:0,(anonymous_5)
FNDA:0,(anonymous_6)
FNDA:0,(anonymous_7)
FNDA:0,(anonymous_8)
FNDA:0,(anonymous_9)
FNDA:0,(anonymous_10)
FNDA:0,(anonymous_11)
DA:1,0
DA:2,0
DA:3,0
DA:11,0
DA:12,0
DA:13,0
DA:16,0
DA:17,0
DA:27,0
DA:28,0
DA:30,0
DA:32,0
DA:33,0
DA:35,0
DA:36,0
DA:37,0
DA:41,0
DA:43,0
DA:44,0
DA:46,0
DA:49,0
DA:50,0
DA:51,0
DA:53,0
DA:59,0
DA:66,0
DA:67,0
DA:71,0
DA:73,0
DA:74,0
DA:85,0
DA:87,0
DA:90,0
DA:94,0
DA:98,0
DA:102,0
DA:105,0
DA:107,0
DA:109,0
DA:122,0
DA:123,0
DA:125,0
DA:127,0
DA:130,0
DA:131,0
DA:132,0
DA:134,0
DA:139,0
DA:140,0
DA:151,0
DA:153,0
DA:155,0
DA:158,0
DA:160,0
DA:164,0
DA:176,0
DA:178,0
DA:180,0
DA:189,0
DA:191,0
DA:192,0
DA:194,0
DA:197,0
DA:198,0
DA:211,0
DA:212,0
DA:213,0
DA:214,0
DA:216,0
DA:218,0
DA:219,0
DA:221,0
DA:227,0
DA:228,0
LF:74
LH:0
BRDA:35,0,0,0
BRDA:35,0,1,0
BRDA:175,1,0,0
BRDA:191,2,0,0
BRDA:191,2,1,0
BRDA:216,3,0,0
BRDA:216,3,1,0
BRDA:216,4,0,0
BRDA:216,4,1,0
BRDA:16,5,0,0
BRDA:16,5,1,0
BRDA:16,6,0,0
BRDA:16,6,1,0
BRDA:16,7,0,0
BRDA:16,7,1,0
BRDA:16,8,0,0
BRDA:16,8,1,0
BRF:17
BRH:0
end_of_record
TN:
SF:src\prisma\prisma.service.ts
FN:24,(anonymous_2)
FN:37,(anonymous_3)
FN:50,(anonymous_4)
FNF:3
FNH:1
FNDA:1,(anonymous_2)
FNDA:0,(anonymous_3)
FNDA:0,(anonymous_4)
DA:1,3
DA:7,3
DA:18,3
DA:22,1
DA:25,1
DA:38,0
DA:39,0
DA:40,0
DA:42,0
DA:43,0
DA:51,0
DA:52,0
DA:53,0
DA:55,0
LF:14
LH:5
BRF:0
BRH:0
end_of_record
